Arguments: 
  /usr/local/bin/node /usr/local/bin/yarn

PATH: 
  /usr/local/bin:/usr/bin:/bin:/usr/sbin:/sbin

Yarn version: 
  1.6.0

Node version: 
  8.11.1

Platform: 
  darwin x64

Trace: 
  Error: https://registry.yarnpkg.com/@tarojs%2fcomponents: ETIMEDOUT
      at Timeout._onTimeout (/usr/local/lib/node_modules/yarn/lib/cli.js:133819:19)
      at ontimeout (timers.js:482:11)
      at tryOnTimeout (timers.js:317:5)
      at Timer.listOnTimeout (timers.js:277:5)

npm manifest: 
  {
    "name": "SmallWeather",
    "version": "1.0.0",
    "private": true,
    "description": "小小天气报告",
    "main": "index.js",
    "scripts": {
      "build:weapp": "taro build --type weapp",
      "build:h5": "taro build --type h5",
      "dev:weapp": "npm run build:weapp -- --watch",
      "dev:h5": "npm run build:h5 -- --watch",
      "test": "echo \"Error: no test specified\" && exit 1"
    },
    "author": "",
    "license": "MIT",
    "dependencies": {
      "@tarojs/components": "^1.0.0-beta.19",
      "@tarojs/router": "^1.0.0-beta.19",
      "@tarojs/taro": "^1.0.0-beta.19",
      "@tarojs/taro-h5": "^1.0.0-beta.19",
      "@tarojs/taro-weapp": "^1.0.0-beta.19",
      "nervjs": "^1.3.0"
    },
    "devDependencies": {
      "@types/react": "16.3.14",
      "@types/webpack-env": "^1.13.6",
      "@tarojs/cli": "^1.0.0-beta.19",
      "@tarojs/plugin-babel": "^1.0.0-beta.19",
      "@tarojs/plugin-csso": "^1.0.0-beta.19",
      "@tarojs/plugin-sass": "^1.0.0-beta.19",
      "@tarojs/plugin-uglifyjs": "^1.0.0-beta.19",
      "@tarojs/webpack-runner": "^1.0.0-beta.19",
      "babel-plugin-transform-class-properties": "^6.24.1",
      "babel-plugin-transform-decorators-legacy": "^1.3.4",
      "babel-plugin-transform-jsx-stylesheet": "^0.6.5",
      "babel-plugin-transform-object-rest-spread": "^6.26.0",
      "babel-preset-env": "^1.6.1",
      "babel-eslint": "^8.2.3",
      "eslint": "^4.19.1",
      "eslint-config-taro": "^1.0.0-beta.19",
      "eslint-plugin-react": "^7.8.2",
      "eslint-plugin-import": "^2.12.0",
      "eslint-plugin-taro": "^1.0.0-beta.19"
    }
  }

yarn manifest: 
  No manifest

Lockfile: 
  No lockfile
